2019-08-12 17:24:33
<xml>
  <ToUserName><![CDATA[toUser]]></ToUserName>
  <FromUserName><![CDATA[fromUser]]></FromUserName>
  <CreateTime>12345678</CreateTime>
  <MsgType><![CDATA[text]]></MsgType>
  <Content><![CDATA[你好]]></Content>
</xml>
<<<<<<<2019-08-13 15:37:36
<xml>
  <ToUserName><![CDATA[toUser]]></ToUserName>
  <FromUserName><![CDATA[fromUser]]></FromUserName>
  <CreateTime>12345678</CreateTime>
  <MsgType><![CDATA[text]]></MsgType>
  <Content><![CDATA[你好]]></Content>
</xml>
<<<<<<<2019-08-13 15:37:49
<xml>
  <ToUserName><![CDATA[toUser]]></ToUserName>
  <FromUserName><![CDATA[fromUser]]></FromUserName>
  <CreateTime>12345678</CreateTime>
  <MsgType><![CDATA[text]]></MsgType>
  <Content><![CDATA[你好]]></Content>
</xml>
<<<<<<<2019-08-13 16:00:11
<xml>
  <ToUserName><![CDATA[toUser]]></ToUserName>
  <FromUserName><![CDATA[fromUser]]></FromUserName>
  <CreateTime>12345678</CreateTime>
  <MsgType><![CDATA[text]]></MsgType>
  <Content><![CDATA[你好]]></Content>
</xml>
<<<<<<<2019-08-13 16:02:02
<xml>
  <ToUserName><![CDATA[toUser]]></ToUserName>
  <FromUserName><![CDATA[fromUser]]></FromUserName>
  <CreateTime>12345678</CreateTime>
  <MsgType><![CDATA[text]]></MsgType>
  <Content><![CDATA[你好]]></Content>
</xml>
<<<<<<<2019-08-13 16:02:52
<xml>
  <ToUserName><![CDATA[toUser]]></ToUserName>
  <FromUserName><![CDATA[fromUser]]></FromUserName>
  <CreateTime>12345678</CreateTime>
  <MsgType><![CDATA[text]]></MsgType>
  <Content><![CDATA[你好]]></Content>
</xml>
<<<<<<<2019-08-13 16:03:44
<xml>
  <ToUserName><![CDATA[toUser]]></ToUserName>
  <FromUserName><![CDATA[fromUser]]></FromUserName>
  <CreateTime>12345678</CreateTime>
  <MsgType><![CDATA[text]]></MsgType>
  <Content><![CDATA[你好]]></Content>
</xml>
<<<<<<<2019-08-13 16:09:43
<xml>
  <ToUserName><![CDATA[toUser]]></ToUserName>
  <FromUserName><![CDATA[fromUser]]></FromUserName>
  <CreateTime>12345678</CreateTime>
  <MsgType><![CDATA[text]]></MsgType>
  <Content><![CDATA[你好]]></Content>
</xml>
<<<<<<<2019-08-13 16:13:48
<xml>
  <ToUserName><![CDATA[toUser]]></ToUserName>
  <FromUserName><![CDATA[fromUser]]></FromUserName>
  <CreateTime>12345678</CreateTime>
  <MsgType><![CDATA[text]]></MsgType>
  <Content><![CDATA[你好]]></Content>
</xml>
<<<<<<<2019-08-13 16:21:21
<xml>
  <ToUserName><![CDATA[toUser]]></ToUserName>
  <FromUserName><![CDATA[FromUser]]></FromUserName>
  <CreateTime>123456789</CreateTime>
  <MsgType><![CDATA[event]]></MsgType>
  <Event><![CDATA[subscribe]]></Event>
</xml>
<<<<<<<2019-08-13 16:27:46
<xml>
  <ToUserName><![CDATA[toUser]]></ToUserName>
  <FromUserName><![CDATA[FromUser]]></FromUserName>
  <CreateTime>123456789</CreateTime>
  <MsgType><![CDATA[event]]></MsgType>
  <Event><![CDATA[subscribe]]></Event>
</xml>
<<<<<<<2019-08-13 16:27:59
<xml>
  <ToUserName><![CDATA[toUser]]></ToUserName>
  <FromUserName><![CDATA[FromUser]]></FromUserName>
  <CreateTime>123456789</CreateTime>
  <MsgType><![CDATA[event]]></MsgType>
  <Event><![CDATA[subscribe]]></Event>
</xml>
<<<<<<<2019-08-13 16:31:03
<xml>
  <ToUserName><![CDATA[toUser]]></ToUserName>
  <FromUserName><![CDATA[FromUser]]></FromUserName>
  <CreateTime>123456789</CreateTime>
  <MsgType><![CDATA[event]]></MsgType>
  <Event><![CDATA[SCAN]]></Event>
  <EventKey><![CDATA[SCENE_VALUE]]></EventKey>
  <Ticket><![CDATA[TICKET]]></Ticket>
</xml>
<<<<<<<2019-08-13 16:31:40
<xml>
  <ToUserName><![CDATA[toUser]]></ToUserName>
  <FromUserName><![CDATA[FromUser]]></FromUserName>
  <CreateTime>123456789</CreateTime>
  <MsgType><![CDATA[event]]></MsgType>
  <Event><![CDATA[SCAN]]></Event>
  <EventKey><![CDATA[SCENE_VALUE]]></EventKey>
  <Ticket><![CDATA[TICKET]]></Ticket>
</xml>
<<<<<<<2019-08-13 16:32:02
<xml>
  <ToUserName><![CDATA[toUser]]></ToUserName>
  <FromUserName><![CDATA[FromUser]]></FromUserName>
  <CreateTime>123456789</CreateTime>
  <MsgType><![CDATA[event]]></MsgType>
  <Event><![CDATA[SCAN]]></Event>
  <EventKey><![CDATA[SCENE_VALUE]]></EventKey>
  <Ticket><![CDATA[TICKET]]></Ticket>
</xml>
<<<<<<<2019-08-13 16:32:29
<xml>
  <ToUserName><![CDATA[toUser]]></ToUserName>
  <FromUserName><![CDATA[FromUser]]></FromUserName>
  <CreateTime>123456789</CreateTime>
  <MsgType><![CDATA[event]]></MsgType>
  <Event><![CDATA[subscribe]]></Event>
  <EventKey><![CDATA[qrscene_123123]]></EventKey>
  <Ticket><![CDATA[TICKET]]></Ticket>
</xml>
<<<<<<<2019-08-13 16:33:43
<xml>
  <ToUserName><![CDATA[toUser]]></ToUserName>
  <FromUserName><![CDATA[FromUser]]></FromUserName>
  <CreateTime>123456789</CreateTime>
  <MsgType><![CDATA[event]]></MsgType>
  <Event><![CDATA[subscribe]]></Event>
  <EventKey><![CDATA[qrscene_123123]]></EventKey>
  <Ticket><![CDATA[TICKET]]></Ticket>
</xml>
<<<<<<<2019-08-13 16:34:18
<xml>
  <ToUserName><![CDATA[toUser]]></ToUserName>
  <FromUserName><![CDATA[FromUser]]></FromUserName>
  <CreateTime>123456789</CreateTime>
  <MsgType><![CDATA[event]]></MsgType>
  <Event><![CDATA[subscribe]]></Event>
  <EventKey><![CDATA[qrscene_123123]]></EventKey>
  <Ticket><![CDATA[TICKET]]></Ticket>
</xml>
<<<<<<<2019-08-13 16:35:26
<xml>
  <ToUserName><![CDATA[toUser]]></ToUserName>
  <FromUserName><![CDATA[FromUser]]></FromUserName>
  <CreateTime>123456789</CreateTime>
  <MsgType><![CDATA[event]]></MsgType>
  <Event><![CDATA[subscribe]]></Event>
  <EventKey><![CDATA[qrscene_123123]]></EventKey>
  <Ticket><![CDATA[TICKET]]></Ticket>
</xml>
<<<<<<<2019-08-13 16:39:04
<xml>
  <ToUserName><![CDATA[toUser]]></ToUserName>
  <FromUserName><![CDATA[FromUser]]></FromUserName>
  <CreateTime>123456789</CreateTime>
  <MsgType><![CDATA[event]]></MsgType>
  <Event><![CDATA[subscribe]]></Event>
  <EventKey><![CDATA[qrscene_123123]]></EventKey>
  <Ticket><![CDATA[TICKET]]></Ticket>
</xml>
<<<<<<<2019-08-13 16:39:38
<xml>
  <ToUserName><![CDATA[toUser]]></ToUserName>
  <FromUserName><![CDATA[FromUser]]></FromUserName>
  <CreateTime>123456789</CreateTime>
  <MsgType><![CDATA[event]]></MsgType>
  <Event><![CDATA[subscribe]]></Event>
  <EventKey><![CDATA[qrscene_123123]]></EventKey>
  <Ticket><![CDATA[TICKET]]></Ticket>
</xml>
<<<<<<<2019-08-13 16:39:58
<xml>
  <ToUserName><![CDATA[toUser]]></ToUserName>
  <FromUserName><![CDATA[FromUser]]></FromUserName>
  <CreateTime>123456789</CreateTime>
  <MsgType><![CDATA[event]]></MsgType>
  <Event><![CDATA[subscribe]]></Event>
  <EventKey><![CDATA[qrscene_13]]></EventKey>
  <Ticket><![CDATA[TICKET]]></Ticket>
</xml>
<<<<<<<2019-08-13 16:41:06
<xml>
  <ToUserName><![CDATA[toUser]]></ToUserName>
  <FromUserName><![CDATA[oC0jbwb7N0sRXXHi-O_EJUcahS94]]></FromUserName>
  <CreateTime>123456789</CreateTime>
  <MsgType><![CDATA[event]]></MsgType>
  <Event><![CDATA[subscribe]]></Event>
  <EventKey><![CDATA[qrscene_13]]></EventKey>
  <Ticket><![CDATA[TICKET]]></Ticket>
</xml>
<<<<<<<2019-08-13 16:51:46
<xml>
  <ToUserName><![CDATA[toUser]]></ToUserName>
  <FromUserName><![CDATA[oC0jbwb7N0sRXXHi-O_EJUcahS94]]></FromUserName>
  <CreateTime>123456789</CreateTime>
  <MsgType><![CDATA[event]]></MsgType>
  <Event><![CDATA[subscribe]]></Event>
  <EventKey><![CDATA[qrscene_13]]></EventKey>
  <Ticket><![CDATA[TICKET]]></Ticket>
</xml>
<<<<<<<2019-08-13 16:54:29
<xml>
  <ToUserName><![CDATA[toUser]]></ToUserName>
  <FromUserName><![CDATA[oC0jbwb7N0sRXXHi-O_EJUcahS94]]></FromUserName>
  <CreateTime>123456789</CreateTime>
  <MsgType><![CDATA[event]]></MsgType>
  <Event><![CDATA[subscribe]]></Event>
  <EventKey><![CDATA[qrscene_13]]></EventKey>
  <Ticket><![CDATA[TICKET]]></Ticket>
</xml>
<<<<<<<2019-08-13 16:54:41
<xml>
  <ToUserName><![CDATA[toUser]]></ToUserName>
  <FromUserName><![CDATA[oC0jbwb7N0sRXXHi-O_EJUcahS94]]></FromUserName>
  <CreateTime>123456789</CreateTime>
  <MsgType><![CDATA[event]]></MsgType>
  <Event><![CDATA[subscribe]]></Event>
  <EventKey><![CDATA[qrscene_13]]></EventKey>
  <Ticket><![CDATA[TICKET]]></Ticket>
</xml>
<<<<<<<